<?xml version="1.0" encoding="UTF-8"?>
<coverage generated="1748338493361" clover="3.2.0">
  <project timestamp="1748338493361" name="All files">
    <metrics statements="22" coveredstatements="22" conditionals="10" coveredconditionals="9" methods="4" coveredmethods="4" elements="36" coveredelements="35" complexity="0" loc="22" ncloc="22" packages="1" files="1" classes="1"/>
    <file name="app.js" path="/home/gs/Documents/LocalRepository/Day20/jest/src/app.js">
      <metrics statements="22" coveredstatements="22" conditionals="10" coveredconditionals="9" methods="4" coveredmethods="4"/>
      <line num="1" count="1" type="stmt"/>
      <line num="2" count="1" type="stmt"/>
      <line num="3" count="1" type="stmt"/>
      <line num="4" count="1" type="stmt"/>
      <line num="6" count="1" type="stmt"/>
      <line num="9" count="1" type="stmt"/>
      <line num="12" count="1" type="stmt"/>
      <line num="13" count="2" type="stmt"/>
      <line num="15" count="2" type="cond" truecount="4" falsecount="0"/>
      <line num="16" count="1" type="stmt"/>
      <line num="17" count="1" type="stmt"/>
      <line num="20" count="1" type="stmt"/>
      <line num="24" count="1" type="stmt"/>
      <line num="25" count="1" type="stmt"/>
      <line num="30" count="2" type="stmt"/>
      <line num="31" count="2" type="cond" truecount="2" falsecount="0"/>
      <line num="32" count="2" type="cond" truecount="2" falsecount="0"/>
      <line num="34" count="1" type="stmt"/>
      <line num="35" count="1" type="cond" truecount="1" falsecount="1"/>
      <line num="36" count="1" type="stmt"/>
      <line num="37" count="1" type="stmt"/>
      <line num="41" count="1" type="stmt"/>
    </file>
  </project>
</coverage>
