{"/home/gs/Documents/LocalRepository/Day20/jest/src/app.js": {"path":"/home/gs/Documents/LocalRepository/Day20/jest/src/app.js","statementMap":{"0":{"start":{"line":1,"column":16},"end":{"line":1,"column":34}},"1":{"start":{"line":2,"column":12},"end":{"line":2,"column":35}},"2":{"start":{"line":3,"column":12},"end":{"line":3,"column":21}},"3":{"start":{"line":4,"column":0},"end":{"line":4,"column":24}},"4":{"start":{"line":6,"column":15},"end":{"line":6,"column":32}},"5":{"start":{"line":9,"column":13},"end":{"line":9,"column":72}},"6":{"start":{"line":12,"column":0},"end":{"line":21,"column":3}},"7":{"start":{"line":13,"column":32},"end":{"line":13,"column":40}},"8":{"start":{"line":15,"column":4},"end":{"line":18,"column":5}},"9":{"start":{"line":16,"column":22},"end":{"line":16,"column":95}},"10":{"start":{"line":17,"column":8},"end":{"line":17,"column":35}},"11":{"start":{"line":20,"column":4},"end":{"line":20,"column":66}},"12":{"start":{"line":24,"column":0},"end":{"line":26,"column":3}},"13":{"start":{"line":25,"column":4},"end":{"line":25,"column":49}},"14":{"start":{"line":30,"column":23},"end":{"line":30,"column":51}},"15":{"start":{"line":31,"column":18},"end":{"line":31,"column":56}},"16":{"start":{"line":32,"column":4},"end":{"line":32,"column":72}},"17":{"start":{"line":32,"column":16},"end":{"line":32,"column":72}},"18":{"start":{"line":34,"column":4},"end":{"line":38,"column":7}},"19":{"start":{"line":35,"column":8},"end":{"line":35,"column":73}},"20":{"start":{"line":35,"column":17},"end":{"line":35,"column":73}},"21":{"start":{"line":36,"column":8},"end":{"line":36,"column":28}},"22":{"start":{"line":37,"column":8},"end":{"line":37,"column":15}},"23":{"start":{"line":41,"column":0},"end":{"line":41,"column":21}}},"fnMap":{"0":{"name":"(anonymous_0)","decl":{"start":{"line":12,"column":19},"end":{"line":12,"column":20}},"loc":{"start":{"line":12,"column":33},"end":{"line":21,"column":1}},"line":12},"1":{"name":"(anonymous_1)","decl":{"start":{"line":24,"column":39},"end":{"line":24,"column":40}},"loc":{"start":{"line":24,"column":53},"end":{"line":26,"column":1}},"line":24},"2":{"name":"authenticateToken","decl":{"start":{"line":29,"column":9},"end":{"line":29,"column":26}},"loc":{"start":{"line":29,"column":43},"end":{"line":39,"column":1}},"line":29},"3":{"name":"(anonymous_3)","decl":{"start":{"line":34,"column":30},"end":{"line":34,"column":31}},"loc":{"start":{"line":34,"column":49},"end":{"line":38,"column":5}},"line":34}},"branchMap":{"0":{"loc":{"start":{"line":15,"column":4},"end":{"line":18,"column":5}},"type":"if","locations":[{"start":{"line":15,"column":4},"end":{"line":18,"column":5}},{"start":{},"end":{}}],"line":15},"1":{"loc":{"start":{"line":15,"column":8},"end":{"line":15,"column":58}},"type":"binary-expr","locations":[{"start":{"line":15,"column":8},"end":{"line":15,"column":28}},{"start":{"line":15,"column":32},"end":{"line":15,"column":58}}],"line":15},"2":{"loc":{"start":{"line":31,"column":18},"end":{"line":31,"column":56}},"type":"binary-expr","locations":[{"start":{"line":31,"column":18},"end":{"line":31,"column":28}},{"start":{"line":31,"column":32},"end":{"line":31,"column":56}}],"line":31},"3":{"loc":{"start":{"line":32,"column":4},"end":{"line":32,"column":72}},"type":"if","locations":[{"start":{"line":32,"column":4},"end":{"line":32,"column":72}},{"start":{},"end":{}}],"line":32},"4":{"loc":{"start":{"line":35,"column":8},"end":{"line":35,"column":73}},"type":"if","locations":[{"start":{"line":35,"column":8},"end":{"line":35,"column":73}},{"start":{},"end":{}}],"line":35}},"s":{"0":1,"1":1,"2":1,"3":1,"4":1,"5":1,"6":1,"7":2,"8":2,"9":1,"10":1,"11":1,"12":1,"13":1,"14":2,"15":2,"16":2,"17":1,"18":1,"19":1,"20":0,"21":1,"22":1,"23":1},"f":{"0":2,"1":1,"2":2,"3":1},"b":{"0":[1,1],"1":[2,2],"2":[2,1],"3":[1,1],"4":[0,1]},"_coverageSchema":"1a1c01bbd47fc00a2c39e90264f33305004495a9","hash":"9684881a0bf4d7b6d33a67d7780dceeb4628c5a8"}
}
