TN:
SF:src/app.js
FN:12,(anonymous_0)
FN:24,(anonymous_1)
FN:29,authenticateToken
FN:34,(anonymous_3)
FNF:4
FNH:4
FNDA:2,(anonymous_0)
FNDA:1,(anonymous_1)
FNDA:2,authenticateToken
FNDA:1,(anonymous_3)
DA:1,1
DA:2,1
DA:3,1
DA:4,1
DA:6,1
DA:9,1
DA:12,1
DA:13,2
DA:15,2
DA:16,1
DA:17,1
DA:20,1
DA:24,1
DA:25,1
DA:30,2
DA:31,2
DA:32,2
DA:34,1
DA:35,1
DA:36,1
DA:37,1
DA:41,1
LF:22
LH:22
BRDA:15,0,0,1
BRDA:15,0,1,1
BRDA:15,1,0,2
BRDA:15,1,1,2
BRDA:31,2,0,2
BRDA:31,2,1,1
BRDA:32,3,0,1
BRDA:32,3,1,1
BRDA:35,4,0,0
BRDA:35,4,1,1
BRF:10
BRH:9
end_of_record
